cl : Command line warning D9035: option 'Gm' has been deprecated and will be removed in a future release
  pch.cpp
c:\users\mohthorn\onedrive\tamu\networks\hw1p2\hw1p!\pch.h(36): warning C4005: '_WINSOCK_DEPRECATED_NO_WARNINGS': macro redefinition
  c:\users\mohthorn\onedrive\tamu\networks\hw1p2\hw1p!\pch.cpp: note: see previous definition of '_WINSOCK_DEPRECATED_NO_WARNINGS'
cl : Command line warning D9035: option 'Gm' has been deprecated and will be removed in a future release
  utilities.cpp
c:\users\mohthorn\onedrive\tamu\networks\hw1p2\hw1p!\utilities.cpp(18): warning C4267: 'argument': conversion from 'size_t' to 'int', possible loss of data
c:\users\mohthorn\onedrive\tamu\networks\hw1p2\hw1p!\utilities.cpp(18): warning C4244: 'argument': conversion from '__int64' to 'int', possible loss of data
c:\users\mohthorn\onedrive\tamu\networks\hw1p2\hw1p!\utilities.cpp(101): warning C4244: 'return': conversion from '__int64' to 'int', possible loss of data
c:\users\mohthorn\onedrive\tamu\networks\hw1p2\hw1p!\utilities.cpp(139): warning C4244: '=': conversion from 'double' to 'clock_t', possible loss of data
  urlList.cpp
  singleURL.cpp
c:\users\mohthorn\onedrive\tamu\networks\hw1p2\hw1p!\singleurl.cpp(55): warning C4244: '=': conversion from 'double' to 'clock_t', possible loss of data
c:\users\mohthorn\onedrive\tamu\networks\hw1p2\hw1p!\singleurl.cpp(98): warning C4244: '=': conversion from 'double' to 'clock_t', possible loss of data
c:\users\mohthorn\onedrive\tamu\networks\hw1p2\hw1p!\singleurl.cpp(100): warning C4477: 'printf' : format string '%d' requires an argument of type 'int', but variadic argument 1 has type '__int64'
  c:\users\mohthorn\onedrive\tamu\networks\hw1p2\hw1p!\singleurl.cpp(100): note: consider using '%lld' in the format string
  c:\users\mohthorn\onedrive\tamu\networks\hw1p2\hw1p!\singleurl.cpp(100): note: consider using '%Id' in the format string
  c:\users\mohthorn\onedrive\tamu\networks\hw1p2\hw1p!\singleurl.cpp(100): note: consider using '%I64d' in the format string
c:\users\mohthorn\onedrive\tamu\networks\hw1p2\hw1p!\singleurl.cpp(145): warning C4244: '=': conversion from 'double' to 'clock_t', possible loss of data
  mySocket.cpp
c:\users\mohthorn\onedrive\tamu\networks\hw1p2\hw1p!\mysocket.cpp(46): warning C4244: '=': conversion from 'double' to 'clock_t', possible loss of data
c:\users\mohthorn\onedrive\tamu\networks\hw1p2\hw1p!\mysocket.cpp(48): warning C4244: '=': conversion from '__int64' to 'long', possible loss of data
c:\users\mohthorn\onedrive\tamu\networks\hw1p2\hw1p!\mysocket.cpp(49): warning C4244: '=': conversion from '__int64' to 'long', possible loss of data
c:\users\mohthorn\onedrive\tamu\networks\hw1p2\hw1p!\mysocket.cpp(53): warning C4244: 'argument': conversion from '__int64' to 'int', possible loss of data
  HW1.cpp
  Generating Code...
  HW1P!.vcxproj -> C:\Users\mohthorn\OneDrive\TAMU\Networks\HW1P2\x64\Debug\HW1.exe
